<?xml version="1.0" encoding="UTF-8"?>
<!-- Generated by org.testng.reporters.JUnitXMLReporter -->
<testsuite ignored="26" hostname="ITCELL-DEV50" failures="0" tests="14" name="All" time="27.432" errors="0" timestamp="2025-01-17T15:44:08 IST">
  <testcase classname="tests.TC_VALID_LOGIN" name="Login with valid credentials" time="1.169"/>
  <testcase classname="tests.TC_INVALID_PASSWORD" name="Invalid password" time="0.352"/>
  <testcase classname="tests.TC_INVALID_USERNAME" name="Invalid Username" time="0.377"/>
  <testcase classname="tests.TC_CREATE_PROFILE" name="Create User Profile" time="1.838"/>
  <testcase classname="tests.TC_SUBJECT_INVALID" name="subjectInvalid" time="0.535"/>
  <testcase classname="tests.TC_EDUCATIONAL_QUALIFICATIONS_MANDATORY_FIELDS" name="mandatoryFieldsTest" time="0.807"/>
  <testcase classname="tests.TC_COURSE_NAME_INVALID" name="invalidCourseName" time="0.617"/>
  <testcase classname="tests.TC_YEAR_MAX_LENGTH" name="yearMaxLength" time="0.525"/>
  <testcase classname="tests.TC_INVALID_UNIVERSITY" name="invalidUniversity" time="0.571"/>
  <testcase classname="tests.TC_SUBJECT_MAX_LENGTH" name="subjectMaxLength" time="0.611"/>
  <testcase classname="tests.TC_CLEAR_FIELDS" name="Clear All Fields" time="1.612"/>
  <testcase classname="tests.TC_UNIVERSITY_MAX_LENGTH" name="universityMaxLength" time="0.597"/>
  <testcase classname="tests.TC_YEAR_INVALID" name="invalidYear" time="0.493"/>
  <testcase classname="tests.TC_COURSE_NAME_MAX_LENGTH" name="courseNameMaxLength" time="0.535"/>
  <testcase classname="tests.BaseTest" name="@BeforeSuite globalSetup" time="0.0">
    <ignored/>
  </testcase> <!-- @BeforeSuite globalSetup -->
  <testcase classname="tests.BaseTest" name="@BeforeSuite globalSetup" time="0.0">
    <ignored/>
  </testcase> <!-- @BeforeSuite globalSetup -->
  <testcase classname="tests.BaseTest" name="@BeforeSuite globalSetup" time="0.0">
    <ignored/>
  </testcase> <!-- @BeforeSuite globalSetup -->
  <testcase classname="tests.BaseTest" name="@BeforeSuite globalSetup" time="0.0">
    <ignored/>
  </testcase> <!-- @BeforeSuite globalSetup -->
  <testcase classname="tests.BaseTest" name="@BeforeSuite globalSetup" time="0.0">
    <ignored/>
  </testcase> <!-- @BeforeSuite globalSetup -->
  <testcase classname="tests.BaseTest" name="@BeforeSuite globalSetup" time="0.0">
    <ignored/>
  </testcase> <!-- @BeforeSuite globalSetup -->
  <testcase classname="tests.BaseTest" name="@BeforeSuite globalSetup" time="0.0">
    <ignored/>
  </testcase> <!-- @BeforeSuite globalSetup -->
  <testcase classname="tests.BaseTest" name="@BeforeSuite globalSetup" time="0.0">
    <ignored/>
  </testcase> <!-- @BeforeSuite globalSetup -->
  <testcase classname="tests.BaseTest" name="@BeforeSuite globalSetup" time="0.0">
    <ignored/>
  </testcase> <!-- @BeforeSuite globalSetup -->
  <testcase classname="tests.BaseTest" name="@BeforeSuite globalSetup" time="0.0">
    <ignored/>
  </testcase> <!-- @BeforeSuite globalSetup -->
  <testcase classname="tests.BaseTest" name="@BeforeSuite globalSetup" time="0.0">
    <ignored/>
  </testcase> <!-- @BeforeSuite globalSetup -->
  <testcase classname="tests.BaseTest" name="@BeforeSuite globalSetup" time="0.0">
    <ignored/>
  </testcase> <!-- @BeforeSuite globalSetup -->
  <testcase classname="tests.BaseTest" name="@BeforeSuite globalSetup" time="0.0">
    <ignored/>
  </testcase> <!-- @BeforeSuite globalSetup -->
  <testcase classname="tests.BaseTest" name="@AfterSuite wrapUp" time="0.0">
    <ignored/>
  </testcase> <!-- @AfterSuite wrapUp -->
  <testcase classname="tests.BaseTest" name="@AfterSuite wrapUp" time="0.0">
    <ignored/>
  </testcase> <!-- @AfterSuite wrapUp -->
  <testcase classname="tests.BaseTest" name="@AfterSuite wrapUp" time="0.0">
    <ignored/>
  </testcase> <!-- @AfterSuite wrapUp -->
  <testcase classname="tests.BaseTest" name="@AfterSuite wrapUp" time="0.0">
    <ignored/>
  </testcase> <!-- @AfterSuite wrapUp -->
  <testcase classname="tests.BaseTest" name="@AfterSuite wrapUp" time="0.0">
    <ignored/>
  </testcase> <!-- @AfterSuite wrapUp -->
  <testcase classname="tests.BaseTest" name="@AfterSuite wrapUp" time="0.0">
    <ignored/>
  </testcase> <!-- @AfterSuite wrapUp -->
  <testcase classname="tests.BaseTest" name="@AfterSuite wrapUp" time="0.0">
    <ignored/>
  </testcase> <!-- @AfterSuite wrapUp -->
  <testcase classname="tests.BaseTest" name="@AfterSuite wrapUp" time="0.0">
    <ignored/>
  </testcase> <!-- @AfterSuite wrapUp -->
  <testcase classname="tests.BaseTest" name="@AfterSuite wrapUp" time="0.0">
    <ignored/>
  </testcase> <!-- @AfterSuite wrapUp -->
  <testcase classname="tests.BaseTest" name="@AfterSuite wrapUp" time="0.0">
    <ignored/>
  </testcase> <!-- @AfterSuite wrapUp -->
  <testcase classname="tests.BaseTest" name="@AfterSuite wrapUp" time="0.0">
    <ignored/>
  </testcase> <!-- @AfterSuite wrapUp -->
  <testcase classname="tests.BaseTest" name="@AfterSuite wrapUp" time="0.0">
    <ignored/>
  </testcase> <!-- @AfterSuite wrapUp -->
  <testcase classname="tests.BaseTest" name="@AfterSuite wrapUp" time="0.0">
    <ignored/>
  </testcase> <!-- @AfterSuite wrapUp -->
</testsuite> <!-- All -->
