<?xml version="1.0" encoding="UTF-8"?>
<!-- Generated by org.testng.reporters.JUnitXMLReporter -->
<testsuite ignored="16" hostname="ITCELL-DEV50" failures="0" tests="9" name="Educational Qualifications" time="16.815" errors="0" timestamp="2024-07-12T15:50:27 IST">
  <testcase classname="tests.TC_SUBJECT_INVALID" name="subjectInvalid" time="0.991"/>
  <testcase classname="tests.TC_EDUCATIONAL_QUALIFICATIONS_MANDATORY_FIELDS" name="mandatoryFieldsTest" time="0.801"/>
  <testcase classname="tests.TC_COURSE_NAME_INVALID" name="invalidCourseName" time="0.524"/>
  <testcase classname="tests.TC_YEAR_MAX_LENGTH" name="yearMaxLength" time="0.509"/>
  <testcase classname="tests.TC_INVALID_UNIVERSITY" name="invalidUniversity" time="1.274"/>
  <testcase classname="tests.TC_SUBJECT_MAX_LENGTH" name="subjectMaxLength" time="0.561"/>
  <testcase classname="tests.TC_UNIVERSITY_MAX_LENGTH" name="universityMaxLength" time="0.951"/>
  <testcase classname="tests.TC_YEAR_INVALID" name="invalidYear" time="0.493"/>
  <testcase classname="tests.TC_COURSE_NAME_MAX_LENGTH" name="courseNameMaxLength" time="0.508"/>
  <testcase classname="tests.BaseTest" name="@BeforeSuite globalSetup" time="0.0">
    <ignored/>
  </testcase> <!-- @BeforeSuite globalSetup -->
  <testcase classname="tests.BaseTest" name="@BeforeSuite globalSetup" time="0.0">
    <ignored/>
  </testcase> <!-- @BeforeSuite globalSetup -->
  <testcase classname="tests.BaseTest" name="@BeforeSuite globalSetup" time="0.0">
    <ignored/>
  </testcase> <!-- @BeforeSuite globalSetup -->
  <testcase classname="tests.BaseTest" name="@BeforeSuite globalSetup" time="0.0">
    <ignored/>
  </testcase> <!-- @BeforeSuite globalSetup -->
  <testcase classname="tests.BaseTest" name="@BeforeSuite globalSetup" time="0.0">
    <ignored/>
  </testcase> <!-- @BeforeSuite globalSetup -->
  <testcase classname="tests.BaseTest" name="@BeforeSuite globalSetup" time="0.0">
    <ignored/>
  </testcase> <!-- @BeforeSuite globalSetup -->
  <testcase classname="tests.BaseTest" name="@BeforeSuite globalSetup" time="0.0">
    <ignored/>
  </testcase> <!-- @BeforeSuite globalSetup -->
  <testcase classname="tests.BaseTest" name="@BeforeSuite globalSetup" time="0.0">
    <ignored/>
  </testcase> <!-- @BeforeSuite globalSetup -->
  <testcase classname="tests.BaseTest" name="@AfterSuite wrapUp" time="0.0">
    <ignored/>
  </testcase> <!-- @AfterSuite wrapUp -->
  <testcase classname="tests.BaseTest" name="@AfterSuite wrapUp" time="0.0">
    <ignored/>
  </testcase> <!-- @AfterSuite wrapUp -->
  <testcase classname="tests.BaseTest" name="@AfterSuite wrapUp" time="0.0">
    <ignored/>
  </testcase> <!-- @AfterSuite wrapUp -->
  <testcase classname="tests.BaseTest" name="@AfterSuite wrapUp" time="0.0">
    <ignored/>
  </testcase> <!-- @AfterSuite wrapUp -->
  <testcase classname="tests.BaseTest" name="@AfterSuite wrapUp" time="0.0">
    <ignored/>
  </testcase> <!-- @AfterSuite wrapUp -->
  <testcase classname="tests.BaseTest" name="@AfterSuite wrapUp" time="0.0">
    <ignored/>
  </testcase> <!-- @AfterSuite wrapUp -->
  <testcase classname="tests.BaseTest" name="@AfterSuite wrapUp" time="0.0">
    <ignored/>
  </testcase> <!-- @AfterSuite wrapUp -->
  <testcase classname="tests.BaseTest" name="@AfterSuite wrapUp" time="0.0">
    <ignored/>
  </testcase> <!-- @AfterSuite wrapUp -->
</testsuite> <!-- Educational Qualifications -->
