<?xml version="1.0" encoding="UTF-8"?>
<!-- Generated by org.testng.reporters.JUnitXMLReporter -->
<testsuite ignored="4" hostname="ITCELL-DEV50" failures="0" tests="3" name="Login" time="5.628" errors="0" timestamp="2025-01-23T15:33:54 IST">
  <testcase classname="tests.TC_VALID_LOGIN" name="Login with valid credentials" time="1.177"/>
  <testcase classname="tests.TC_INVALID_PASSWORD" name="Invalid password" time="0.331"/>
  <testcase classname="tests.TC_INVALID_USERNAME" name="Invalid Username" time="0.374"/>
  <testcase classname="tests.BaseTest" name="@BeforeSuite globalSetup" time="0.0">
    <ignored/>
  </testcase> <!-- @BeforeSuite globalSetup -->
  <testcase classname="tests.BaseTest" name="@BeforeSuite globalSetup" time="0.0">
    <ignored/>
  </testcase> <!-- @BeforeSuite globalSetup -->
  <testcase classname="tests.BaseTest" name="@AfterSuite wrapUp" time="0.0">
    <ignored/>
  </testcase> <!-- @AfterSuite wrapUp -->
  <testcase classname="tests.BaseTest" name="@AfterSuite wrapUp" time="0.0">
    <ignored/>
  </testcase> <!-- @AfterSuite wrapUp -->
</testsuite> <!-- Login -->
