<?xml version="1.0" encoding="UTF-8"?>
<!-- Generated by org.testng.reporters.JUnitXMLReporter -->
<testsuite ignored="2" hostname="ITCELL-DEV50" failures="0" tests="2" name="Profile" time="5.453" errors="0" timestamp="2024-08-30T17:01:19 IST">
  <testcase classname="tests.TC_CREATE_PROFILE" name="Create User Profile" time="1.502"/>
  <testcase classname="tests.TC_CLEAR_FIELDS" name="Clear All Fields" time="1.159"/>
  <testcase classname="tests.BaseTest" name="@BeforeSuite globalSetup" time="0.0">
    <ignored/>
  </testcase> <!-- @BeforeSuite globalSetup -->
  <testcase classname="tests.BaseTest" name="@AfterSuite wrapUp" time="0.0">
    <ignored/>
  </testcase> <!-- @AfterSuite wrapUp -->
</testsuite> <!-- Profile -->
