<?xml version="1.0" encoding="UTF-8"?>
<testng-results ignored="4" total="7" passed="3" failed="0" skipped="0">
  <reporter-output>
  </reporter-output>
  <suite started-at="2025-01-23T15:33:48 IST" name="Suite" finished-at="2025-01-23T15:33:54 IST" duration-ms="5628">
    <groups>
    </groups>
    <test started-at="2025-01-23T15:33:48 IST" name="Login" finished-at="2025-01-23T15:33:54 IST" duration-ms="5628">
      <class name="tests.TC_INVALID_PASSWORD">
        <test-method is-config="true" signature="setup()[pri:0, instance:tests.TC_INVALID_PASSWORD@3738449f]" started-at="2025-01-23T15:33:51 IST" name="setup" test-instance-name="Invalid password" finished-at="2025-01-23T15:33:52 IST" duration-ms="847" status="PASS">
          <reporter-output>
          </reporter-output>
        </test-method> <!-- setup -->
        <test-method signature="invalidCredentialsTest()[pri:0, instance:tests.TC_INVALID_PASSWORD@3738449f]" started-at="2025-01-23T15:33:52 IST" name="invalidCredentialsTest" description="Error message should be displayed when user enters invalid password" test-instance-name="Invalid password" finished-at="2025-01-23T15:33:52 IST" duration-ms="331" status="PASS">
          <reporter-output>
          </reporter-output>
        </test-method> <!-- invalidCredentialsTest -->
        <test-method is-config="true" signature="tearDown()[pri:0, instance:tests.TC_INVALID_PASSWORD@3738449f]" started-at="2025-01-23T15:33:52 IST" name="tearDown" test-instance-name="Invalid password" finished-at="2025-01-23T15:33:52 IST" duration-ms="144" status="PASS">
          <reporter-output>
          </reporter-output>
        </test-method> <!-- tearDown -->
      </class> <!-- tests.TC_INVALID_PASSWORD -->
      <class name="tests.TC_VALID_LOGIN">
        <test-method is-config="true" signature="globalSetup()[pri:0, instance:tests.TC_VALID_LOGIN@378542de]" started-at="2025-01-23T15:33:48 IST" name="globalSetup" test-instance-name="Login with valid credentials" finished-at="2025-01-23T15:33:48 IST" duration-ms="7" status="PASS">
          <reporter-output>
          </reporter-output>
        </test-method> <!-- globalSetup -->
        <test-method is-config="true" signature="setup()[pri:0, instance:tests.TC_VALID_LOGIN@378542de]" started-at="2025-01-23T15:33:48 IST" name="setup" test-instance-name="Login with valid credentials" finished-at="2025-01-23T15:33:49 IST" duration-ms="1446" status="PASS">
          <reporter-output>
          </reporter-output>
        </test-method> <!-- setup -->
        <test-method signature="loginTest()[pri:0, instance:tests.TC_VALID_LOGIN@378542de]" started-at="2025-01-23T15:33:49 IST" name="loginTest" description="Testing the login Functionality" test-instance-name="Login with valid credentials" finished-at="2025-01-23T15:33:51 IST" duration-ms="1177" status="PASS">
          <reporter-output>
          </reporter-output>
        </test-method> <!-- loginTest -->
        <test-method is-config="true" signature="tearDown()[pri:0, instance:tests.TC_VALID_LOGIN@378542de]" started-at="2025-01-23T15:33:51 IST" name="tearDown" test-instance-name="Login with valid credentials" finished-at="2025-01-23T15:33:51 IST" duration-ms="287" status="PASS">
          <reporter-output>
          </reporter-output>
        </test-method> <!-- tearDown -->
        <test-method is-config="true" signature="wrapUp(org.testng.ITestContext)[pri:0, instance:tests.TC_VALID_LOGIN@378542de]" started-at="2025-01-23T15:33:54 IST" name="wrapUp" test-instance-name="Login with valid credentials" finished-at="2025-01-23T15:33:54 IST" duration-ms="3" status="PASS">
          <params>
            <param index="0">
              <value>
                <![CDATA[org.testng.TestRunner@4087c7fc]]>
              </value>
            </param>
          </params>
          <reporter-output>
          </reporter-output>
        </test-method> <!-- wrapUp -->
      </class> <!-- tests.TC_VALID_LOGIN -->
      <class name="tests.TC_INVALID_USERNAME">
        <test-method is-config="true" signature="setup()[pri:0, instance:tests.TC_INVALID_USERNAME@69e1dd28]" started-at="2025-01-23T15:33:52 IST" name="setup" test-instance-name="Invalid Username" finished-at="2025-01-23T15:33:53 IST" duration-ms="835" status="PASS">
          <reporter-output>
          </reporter-output>
        </test-method> <!-- setup -->
        <test-method signature="invalidLoginTest()[pri:0, instance:tests.TC_INVALID_USERNAME@69e1dd28]" started-at="2025-01-23T15:33:53 IST" name="invalidLoginTest" description="Error message should be displayed when user tries to login with invalid username" test-instance-name="Invalid Username" finished-at="2025-01-23T15:33:53 IST" duration-ms="374" status="PASS">
          <reporter-output>
          </reporter-output>
        </test-method> <!-- invalidLoginTest -->
        <test-method is-config="true" signature="tearDown()[pri:0, instance:tests.TC_INVALID_USERNAME@69e1dd28]" started-at="2025-01-23T15:33:53 IST" name="tearDown" test-instance-name="Invalid Username" finished-at="2025-01-23T15:33:54 IST" duration-ms="163" status="PASS">
          <reporter-output>
          </reporter-output>
        </test-method> <!-- tearDown -->
      </class> <!-- tests.TC_INVALID_USERNAME -->
    </test> <!-- Login -->
  </suite> <!-- Suite -->
</testng-results>
